Downloading https://github.com/ffmpeg/ffmpeg/archive/n7.1.1.tar.gz -> ffmpeg-ffmpeg-n7.1.1.tar.gz
Successfully downloaded ffmpeg-ffmpeg-n7.1.1.tar.gz
-- Extracting source C:/Users/ambro/AppData/Local/vcpkg/downloads/ffmpeg-ffmpeg-n7.1.1.tar.gz
-- Applying patch 0001-create-lib-libraries.patch
-- Applying patch 0002-fix-msvc-link.patch
-- Applying patch 0003-fix-windowsinclude.patch
-- Applying patch 0004-dependencies.patch
-- Applying patch 0005-fix-nasm.patch
-- Applying patch 0007-fix-lib-naming.patch
-- Applying patch 0013-define-WINVER.patch
-- Applying patch 0020-fix-aarch64-libswscale.patch
-- Applying patch 0024-fix-osx-host-c11.patch
-- Applying patch 0040-ffmpeg-add-av_stream_get_first_dts-for-chromium.patch
-- Applying patch 0041-add-const-for-opengl-definition.patch
-- Applying patch 0043-fix-miss-head.patch
-- Using source at C:/fork/synthizer3d/vcpkg_installed/vcpkg/blds/ffmpeg/src/n7.1.1-07cb3aa68a.clean
Downloading nasm-2.16.03-win64.zip, trying https://www.nasm.us/pub/nasm/releasebuilds/2.16.03/win64/nasm-2.16.03-win64.zip
warning: Download https://www.nasm.us/pub/nasm/releasebuilds/2.16.03/win64/nasm-2.16.03-win64.zip failed -- retrying after 1000ms
warning: Download https://www.nasm.us/pub/nasm/releasebuilds/2.16.03/win64/nasm-2.16.03-win64.zip failed -- retrying after 2000ms
warning: Download https://www.nasm.us/pub/nasm/releasebuilds/2.16.03/win64/nasm-2.16.03-win64.zip failed -- retrying after 4000ms
Trying https://vcpkg.github.io/assets/nasm/nasm-2.16.03-win64.zip
Successfully downloaded nasm-2.16.03-win64.zip
-- Found external ninja('1.12.1').
-- Getting CMake variables for x64-windows
Downloading msys2-automake-wrapper-20240607-1-any.pkg.tar.zst, trying https://mirror.msys2.org/msys/x86_64/automake-wrapper-20240607-1-any.pkg.tar.zst
Successfully downloaded msys2-automake-wrapper-20240607-1-any.pkg.tar.zst
Downloading msys2-bash-5.2.037-1-x86_64.pkg.tar.zst, trying https://mirror.msys2.org/msys/x86_64/bash-5.2.037-1-x86_64.pkg.tar.zst
Successfully downloaded msys2-bash-5.2.037-1-x86_64.pkg.tar.zst
Downloading msys2-coreutils-8.32-5-x86_64.pkg.tar.zst, trying https://mirror.msys2.org/msys/x86_64/coreutils-8.32-5-x86_64.pkg.tar.zst
Successfully downloaded msys2-coreutils-8.32-5-x86_64.pkg.tar.zst
Downloading msys2-file-5.45-3-x86_64.pkg.tar.zst, trying https://mirror.msys2.org/msys/x86_64/file-5.45-3-x86_64.pkg.tar.zst
Successfully downloaded msys2-file-5.45-3-x86_64.pkg.tar.zst
Downloading msys2-gawk-5.3.1-1-x86_64.pkg.tar.zst, trying https://mirror.msys2.org/msys/x86_64/gawk-5.3.1-1-x86_64.pkg.tar.zst
Successfully downloaded msys2-gawk-5.3.1-1-x86_64.pkg.tar.zst
Downloading msys2-grep-1~3.0-6-x86_64.pkg.tar.zst, trying https://mirror.msys2.org/msys/x86_64/grep-1~3.0-6-x86_64.pkg.tar.zst
Successfully downloaded msys2-grep-1~3.0-6-x86_64.pkg.tar.zst
Downloading msys2-gzip-1.13-1-x86_64.pkg.tar.zst, trying https://mirror.msys2.org/msys/x86_64/gzip-1.13-1-x86_64.pkg.tar.zst
Successfully downloaded msys2-gzip-1.13-1-x86_64.pkg.tar.zst
Downloading msys2-diffutils-3.10-1-x86_64.pkg.tar.zst, trying https://mirror.msys2.org/msys/x86_64/diffutils-3.10-1-x86_64.pkg.tar.zst
warning: Download https://mirror.msys2.org/msys/x86_64/diffutils-3.10-1-x86_64.pkg.tar.zst failed -- retrying after 1000ms
Successfully downloaded msys2-diffutils-3.10-1-x86_64.pkg.tar.zst
Downloading msys2-make-4.4.1-2-x86_64.pkg.tar.zst, trying https://mirror.msys2.org/msys/x86_64/make-4.4.1-2-x86_64.pkg.tar.zst
Successfully downloaded msys2-make-4.4.1-2-x86_64.pkg.tar.zst
Downloading msys2-pkgconf-2.3.0-1-x86_64.pkg.tar.zst, trying https://mirror.msys2.org/msys/x86_64/pkgconf-2.3.0-1-x86_64.pkg.tar.zst
Successfully downloaded msys2-pkgconf-2.3.0-1-x86_64.pkg.tar.zst
Downloading msys2-sed-4.9-1-x86_64.pkg.tar.zst, trying https://mirror.msys2.org/msys/x86_64/sed-4.9-1-x86_64.pkg.tar.zst
Successfully downloaded msys2-sed-4.9-1-x86_64.pkg.tar.zst
-- Using cached msys2-msys2-runtime-3.5.4-2-x86_64.pkg.tar.zst
Downloading msys2-automake1.16-1.16.5-1-any.pkg.tar.zst, trying https://mirror.msys2.org/msys/x86_64/automake1.16-1.16.5-1-any.pkg.tar.zst
warning: Download https://mirror.msys2.org/msys/x86_64/automake1.16-1.16.5-1-any.pkg.tar.zst failed -- retrying after 1000ms
warning: Download https://mirror.msys2.org/msys/x86_64/automake1.16-1.16.5-1-any.pkg.tar.zst failed -- retrying after 2000ms
Successfully downloaded msys2-automake1.16-1.16.5-1-any.pkg.tar.zst
Downloading msys2-automake1.17-1.17-1-any.pkg.tar.zst, trying https://mirror.msys2.org/msys/x86_64/automake1.17-1.17-1-any.pkg.tar.zst
Successfully downloaded msys2-automake1.17-1.17-1-any.pkg.tar.zst
Downloading msys2-libiconv-1.17-1-x86_64.pkg.tar.zst, trying https://mirror.msys2.org/msys/x86_64/libiconv-1.17-1-x86_64.pkg.tar.zst
Successfully downloaded msys2-libiconv-1.17-1-x86_64.pkg.tar.zst
Downloading msys2-libintl-0.22.4-1-x86_64.pkg.tar.zst, trying https://mirror.msys2.org/msys/x86_64/libintl-0.22.4-1-x86_64.pkg.tar.zst
Successfully downloaded msys2-libintl-0.22.4-1-x86_64.pkg.tar.zst
Downloading msys2-gmp-6.3.0-1-x86_64.pkg.tar.zst, trying https://mirror.msys2.org/msys/x86_64/gmp-6.3.0-1-x86_64.pkg.tar.zst
Successfully downloaded msys2-gmp-6.3.0-1-x86_64.pkg.tar.zst
Downloading msys2-gcc-libs-13.3.0-1-x86_64.pkg.tar.zst, trying https://mirror.msys2.org/msys/x86_64/gcc-libs-13.3.0-1-x86_64.pkg.tar.zst
Successfully downloaded msys2-gcc-libs-13.3.0-1-x86_64.pkg.tar.zst
Downloading msys2-libbz2-1.0.8-4-x86_64.pkg.tar.zst, trying https://mirror.msys2.org/msys/x86_64/libbz2-1.0.8-4-x86_64.pkg.tar.zst
Successfully downloaded msys2-libbz2-1.0.8-4-x86_64.pkg.tar.zst
Downloading msys2-liblzma-5.6.3-1-x86_64.pkg.tar.zst, trying https://mirror.msys2.org/msys/x86_64/liblzma-5.6.3-1-x86_64.pkg.tar.zst
Successfully downloaded msys2-liblzma-5.6.3-1-x86_64.pkg.tar.zst
Downloading msys2-libzstd-1.5.6-1-x86_64.pkg.tar.zst, trying https://mirror.msys2.org/msys/x86_64/libzstd-1.5.6-1-x86_64.pkg.tar.zst
Successfully downloaded msys2-libzstd-1.5.6-1-x86_64.pkg.tar.zst
Downloading msys2-zlib-1.3.1-1-x86_64.pkg.tar.zst, trying https://mirror.msys2.org/msys/x86_64/zlib-1.3.1-1-x86_64.pkg.tar.zst
warning: Download https://mirror.msys2.org/msys/x86_64/zlib-1.3.1-1-x86_64.pkg.tar.zst failed -- retrying after 1000ms
Successfully downloaded msys2-zlib-1.3.1-1-x86_64.pkg.tar.zst
Downloading msys2-libreadline-8.2.013-1-x86_64.pkg.tar.zst, trying https://mirror.msys2.org/msys/x86_64/libreadline-8.2.013-1-x86_64.pkg.tar.zst
Successfully downloaded msys2-libreadline-8.2.013-1-x86_64.pkg.tar.zst
Downloading msys2-mpfr-4.2.1-1-x86_64.pkg.tar.zst, trying https://mirror.msys2.org/msys/x86_64/mpfr-4.2.1-1-x86_64.pkg.tar.zst
Successfully downloaded msys2-mpfr-4.2.1-1-x86_64.pkg.tar.zst
Downloading msys2-libpcre-8.45-4-x86_64.pkg.tar.zst, trying https://mirror.msys2.org/msys/x86_64/libpcre-8.45-4-x86_64.pkg.tar.zst
Successfully downloaded msys2-libpcre-8.45-4-x86_64.pkg.tar.zst
Downloading msys2-perl-5.38.2-2-x86_64.pkg.tar.zst, trying https://mirror.msys2.org/msys/x86_64/perl-5.38.2-2-x86_64.pkg.tar.zst
Successfully downloaded msys2-perl-5.38.2-2-x86_64.pkg.tar.zst
Downloading msys2-ncurses-6.5.20240831-2-x86_64.pkg.tar.zst, trying https://mirror.msys2.org/msys/x86_64/ncurses-6.5.20240831-2-x86_64.pkg.tar.zst
Successfully downloaded msys2-ncurses-6.5.20240831-2-x86_64.pkg.tar.zst
Downloading msys2-libxcrypt-4.4.36-1-x86_64.pkg.tar.zst, trying https://mirror.msys2.org/msys/x86_64/libxcrypt-4.4.36-1-x86_64.pkg.tar.zst
Successfully downloaded msys2-libxcrypt-4.4.36-1-x86_64.pkg.tar.zst
-- Applying patch C:/Program Files (x86)/Microsoft Visual Studio/2022/BuildTools/VC/vcpkg/scripts/cmake/compile_wrapper_consider_clang-cl.patch
-- Using msys root at C:/Users/ambro/AppData/Local/vcpkg/downloads/tools/msys2/c84c41b5827fcd39
-- Using cached msys2-mingw-w64-x86_64-pkgconf-1~2.3.0-1-any.pkg.tar.zst
-- Using cached msys2-msys2-runtime-3.5.4-2-x86_64.pkg.tar.zst
-- Using msys root at C:/Users/ambro/AppData/Local/vcpkg/downloads/tools/msys2/21caed2f81ec917b
-- Building Options: --toolchain=msvc --enable-pic --disable-doc --enable-debug --enable-runtime-cpudetect --disable-autodetect --target-os=win32 --enable-w32threads --enable-d3d11va --enable-d3d12va --enable-dxva2 --enable-mediafoundation --disable-inline-asm --cc=cl.exe --host_cc=cl.exe --cxx=cl.exe --windres=rc.exe --ld=link.exe --ar='ar-lib lib.exe' --ranlib=: --disable-ffmpeg --disable-ffplay --disable-ffprobe --enable-avcodec --enable-avdevice --enable-avformat --enable-avfilter --disable-postproc --enable-swresample --enable-swscale --disable-alsa --disable-amf --disable-libaom --disable-libass --disable-avisynth --disable-bzlib --disable-libdav1d --disable-libfdk-aac --disable-libfontconfig --disable-libharfbuzz --disable-libfreetype --disable-libfribidi --disable-iconv --disable-libilbc --disable-lzma --disable-libmp3lame --disable-libmodplug --disable-cuda --disable-nvenc --disable-nvdec  --disable-cuvid --disable-ffnvcodec --disable-opencl --disable-opengl --disable-libopenh264 --disable-libopenjpeg --disable-libopenmpt --disable-openssl --enable-schannel --disable-libopus --disable-sdl2 --disable-libsnappy --disable-libsoxr --disable-libspeex --disable-libssh --disable-libtensorflow --disable-libtesseract --disable-libtheora --disable-libvorbis --disable-libvpx --disable-libwebp --disable-libx264 --disable-libx265 --disable-libxml2 --disable-zlib --disable-libsrt --disable-libmfx --enable-cross-compile --disable-static --enable-shared --extra-cflags=-DHAVE_UNISTD_H=0 --pkg-config="C:/Users/ambro/AppData/Local/vcpkg/downloads/tools/msys2/21caed2f81ec917b/mingw64/bin/pkg-config.exe"
-- Building Release Options: --enable-optimizations --extra-ldflags=-libpath:"C:/fork/synthizer3d/vcpkg_installed/x64-windows/lib"
-- Building ffmpeg for Release
-- Building Debug Options: --disable-optimizations --extra-ldflags=-libpath:"C:/fork/synthizer3d/vcpkg_installed/x64-windows/debug/lib"
-- Building ffmpeg for Debug
-- Generating C:\fork\synthizer3d\vcpkg_installed\vcpkg\pkgs\ffmpeg_x64-windows\debug\lib\avcodec.lib
-- Generating C:\fork\synthizer3d\vcpkg_installed\vcpkg\pkgs\ffmpeg_x64-windows\debug\lib\avdevice.lib
-- Generating C:\fork\synthizer3d\vcpkg_installed\vcpkg\pkgs\ffmpeg_x64-windows\debug\lib\avfilter.lib
-- Generating C:\fork\synthizer3d\vcpkg_installed\vcpkg\pkgs\ffmpeg_x64-windows\debug\lib\avformat.lib
-- Generating C:\fork\synthizer3d\vcpkg_installed\vcpkg\pkgs\ffmpeg_x64-windows\debug\lib\avutil.lib
-- Generating C:\fork\synthizer3d\vcpkg_installed\vcpkg\pkgs\ffmpeg_x64-windows\debug\lib\swresample.lib
-- Generating C:\fork\synthizer3d\vcpkg_installed\vcpkg\pkgs\ffmpeg_x64-windows\debug\lib\swscale.lib
-- Generating C:\fork\synthizer3d\vcpkg_installed\vcpkg\pkgs\ffmpeg_x64-windows\lib\avcodec.lib
-- Generating C:\fork\synthizer3d\vcpkg_installed\vcpkg\pkgs\ffmpeg_x64-windows\lib\avdevice.lib
-- Generating C:\fork\synthizer3d\vcpkg_installed\vcpkg\pkgs\ffmpeg_x64-windows\lib\avfilter.lib
-- Generating C:\fork\synthizer3d\vcpkg_installed\vcpkg\pkgs\ffmpeg_x64-windows\lib\avformat.lib
-- Generating C:\fork\synthizer3d\vcpkg_installed\vcpkg\pkgs\ffmpeg_x64-windows\lib\avutil.lib
-- Generating C:\fork\synthizer3d\vcpkg_installed\vcpkg\pkgs\ffmpeg_x64-windows\lib\swresample.lib
-- Generating C:\fork\synthizer3d\vcpkg_installed\vcpkg\pkgs\ffmpeg_x64-windows\lib\swscale.lib
-- Fixing pkgconfig file: C:/fork/synthizer3d/vcpkg_installed/vcpkg/pkgs/ffmpeg_x64-windows/lib/pkgconfig/libavcodec.pc
-- Fixing pkgconfig file: C:/fork/synthizer3d/vcpkg_installed/vcpkg/pkgs/ffmpeg_x64-windows/lib/pkgconfig/libavdevice.pc
-- Fixing pkgconfig file: C:/fork/synthizer3d/vcpkg_installed/vcpkg/pkgs/ffmpeg_x64-windows/lib/pkgconfig/libavfilter.pc
-- Fixing pkgconfig file: C:/fork/synthizer3d/vcpkg_installed/vcpkg/pkgs/ffmpeg_x64-windows/lib/pkgconfig/libavformat.pc
-- Fixing pkgconfig file: C:/fork/synthizer3d/vcpkg_installed/vcpkg/pkgs/ffmpeg_x64-windows/lib/pkgconfig/libavutil.pc
-- Fixing pkgconfig file: C:/fork/synthizer3d/vcpkg_installed/vcpkg/pkgs/ffmpeg_x64-windows/lib/pkgconfig/libswresample.pc
-- Fixing pkgconfig file: C:/fork/synthizer3d/vcpkg_installed/vcpkg/pkgs/ffmpeg_x64-windows/lib/pkgconfig/libswscale.pc
-- Fixing pkgconfig file: C:/fork/synthizer3d/vcpkg_installed/vcpkg/pkgs/ffmpeg_x64-windows/debug/lib/pkgconfig/libavcodec.pc
-- Fixing pkgconfig file: C:/fork/synthizer3d/vcpkg_installed/vcpkg/pkgs/ffmpeg_x64-windows/debug/lib/pkgconfig/libavdevice.pc
-- Fixing pkgconfig file: C:/fork/synthizer3d/vcpkg_installed/vcpkg/pkgs/ffmpeg_x64-windows/debug/lib/pkgconfig/libavfilter.pc
-- Fixing pkgconfig file: C:/fork/synthizer3d/vcpkg_installed/vcpkg/pkgs/ffmpeg_x64-windows/debug/lib/pkgconfig/libavformat.pc
-- Fixing pkgconfig file: C:/fork/synthizer3d/vcpkg_installed/vcpkg/pkgs/ffmpeg_x64-windows/debug/lib/pkgconfig/libavutil.pc
-- Fixing pkgconfig file: C:/fork/synthizer3d/vcpkg_installed/vcpkg/pkgs/ffmpeg_x64-windows/debug/lib/pkgconfig/libswresample.pc
-- Fixing pkgconfig file: C:/fork/synthizer3d/vcpkg_installed/vcpkg/pkgs/ffmpeg_x64-windows/debug/lib/pkgconfig/libswscale.pc
-- Dependencies (release): psapi;uuid;oleaut32;shlwapi;gdi32;vfw32;secur32;ws2_32;mfuuid;strmiids;ole32;user32;bcrypt
-- Dependencies (debug):   psapi;uuid;oleaut32;shlwapi;gdi32;vfw32;secur32;ws2_32;mfuuid;strmiids;ole32;user32;bcrypt
-- Installing: C:/fork/synthizer3d/vcpkg_installed/vcpkg/pkgs/ffmpeg_x64-windows/share/ffmpeg/usage
-- Installing: C:/fork/synthizer3d/vcpkg_installed/vcpkg/pkgs/ffmpeg_x64-windows/share/ffmpeg/copyright
-- Performing post-build validation
