The Meson build system
Version: 1.7.2
Source dir: C:\fork\synthizer3d\vcpkg_installed\vcpkg\blds\pkgconf\src\conf-2.4.3-d5be0b9b2c.clean
Build dir: C:\fork\synthizer3d\vcpkg_installed\vcpkg\blds\pkgconf\x64-windows-rel
Build type: native build
Project name: pkgconf
Project version: 2.4.3
C compiler for the host machine: C:/Program Files (x86)/Microsoft Visual Studio/2022/BuildTools/VC/Tools/MSVC/14.44.35207/bin/Hostx64/x64/cl.exe -DWIN32 -D_WINDOWS -utf-8 -MP -MD -O2 -Oi -Gy -DNDEBUG -Z7 (msvc 19.44.35207.1 "Microsoft (R) C/C++ Optimizing Compiler versione 19.44.35207.1 per x64")
C linker for the host machine: C:/Program Files (x86)/Microsoft Visual Studio/2022/BuildTools/VC/Tools/MSVC/14.44.35207/bin/Hostx64/x64/link.exe link 14.44.35207.1
Host machine cpu family: x86_64
Host machine cpu: x86_64
Compiler for C supports arguments -Wimplicit-function-declaration: NO 
Compiler for C supports arguments -Wmisleading-indentation: NO 
Checking for function "strlcat" : NO 
Checking for function "strlcpy" : NO 
Checking for function "strndup" : NO 
Checking for function "strdup" : YES 
Header "string.h" has symbol "strdup" : YES 
Checking for function "strncasecmp" : NO 
Checking for function "strcasecmp" : NO 
Checking for function "reallocarray" : NO 
Configuring config.h using configuration
Did not find pkg-config by name 'pkg-config'
Found pkg-config: NO
Program kyua skipped: feature tests disabled
Program atf-sh skipped: feature tests disabled
Configuring Kyuafile using configuration
Configuring Kyuafile using configuration
Configuring test_env.sh using configuration
..\src\conf-2.4.3-d5be0b9b2c.clean\tests\meson.build:2: WARNING: The variable(s) 'datarootdir', 'exec_prefix', 'prefix' in the input file 'tests\test_env.sh.in' are not present in the given configuration data.
Build targets in project: 2

pkgconf 2.4.3

  User defined options
    Native files         : C:/fork/synthizer3d/vcpkg_installed/vcpkg/blds/pkgconf/meson-x64-windows-rel.log
    backend              : ninja
    cmake_prefix_path    : ['C:/fork/synthizer3d/vcpkg_installed/x64-windows','C:/fork/synthizer3d/vcpkg_installed/x64-windows/debug','C:/fork/synthizer3d/vcpkg_installed/x64-windows/share']
    debug                : false
    libdir               : lib
    optimization         : plain
    pkg_config_path      : ['C:/fork/synthizer3d/vcpkg_installed/x64-windows/lib/pkgconfig','C:/fork/synthizer3d/vcpkg_installed/x64-windows/share/pkgconfig']
    pkgconfig.relocatable: true
    prefix               : C:/fork/synthizer3d/vcpkg_installed/vcpkg/pkgs/pkgconf_x64-windows
    tests                : disabled
    wrap_mode            : nodownload

Found ninja-1.12.1 at "C:\Program Files (x86)\Microsoft Visual Studio\2022\BuildTools\Common7\IDE\CommonExtensions\Microsoft\CMake\Ninja\ninja.EXE"
