[binaries]
cmake = ['C:/Users/ambro/AppData/Local/Programs/Python/Python313/Lib/site-packages/cmake/data/bin/cmake.exe']
ninja = ['C:/Program Files (x86)/Microsoft Visual Studio/2022/BuildTools/Common7/IDE/CommonExtensions/Microsoft/CMake/Ninja/ninja.exe']
pkg-config = ['']
mt = ['C:/Program Files (x86)/Windows Kits/10/bin/10.0.26100.0/x64/mt.exe']
ar = ['C:/Program Files (x86)/Microsoft Visual Studio/2022/BuildTools/VC/Tools/MSVC/14.44.35207/bin/Hostx64/x64/lib.exe', '-machine:x64', '-nologo']
windres = ['C:/Program Files (x86)/Windows Kits/10/bin/10.0.26100.0/x64/rc.exe', '-c65001', '-DWIN32', '-D_DEBUG']
c = ['C:/Program Files (x86)/Microsoft Visual Studio/2022/BuildTools/VC/Tools/MSVC/14.44.35207/bin/Hostx64/x64/cl.exe', '-DWIN32', '-D_WINDOWS', '-utf-8', '-MP', '-MDd', '-Z7', '-Ob0', '-Od', '-RTC1']
c_ld = ['C:/Program Files (x86)/Microsoft Visual Studio/2022/BuildTools/VC/Tools/MSVC/14.44.35207/bin/Hostx64/x64/link.exe']
cpp = ['C:/Program Files (x86)/Microsoft Visual Studio/2022/BuildTools/VC/Tools/MSVC/14.44.35207/bin/Hostx64/x64/cl.exe', '-DWIN32', '-D_WINDOWS', '-utf-8', '-GR', '-EHsc', '-MP', '-MDd', '-Z7', '-Ob0', '-Od', '-RTC1']
cpp_ld = ['C:/Program Files (x86)/Microsoft Visual Studio/2022/BuildTools/VC/Tools/MSVC/14.44.35207/bin/Hostx64/x64/link.exe']








[properties]
cmake_toolchain_file  = 'C:/Program Files (x86)/Microsoft Visual Studio/2022/BuildTools/VC/vcpkg/scripts/buildsystems/vcpkg.cmake'

[cmake]
CMAKE_BUILD_TYPE = 'Debug'
VCPKG_TARGET_TRIPLET = 'x64-windows'
VCPKG_HOST_TRIPLET = 'x64-windows'
VCPKG_CHAINLOAD_TOOLCHAIN_FILE = 'C:/Program Files (x86)/Microsoft Visual Studio/2022/BuildTools/VC/vcpkg/scripts/toolchains/windows.cmake'
VCPKG_CRT_LINKAGE = 'dynamic'
_VCPKG_INSTALLED_DIR = 'C:/fork/synthizer3d/vcpkg_installed'
[build_machine]
endian = 'little'
system = 'windows'
cpu_family = 'x86_64'
cpu = 'x86_64'
[host_machine]
endian = 'little'
system = 'windows'
cpu_family = 'x86_64'
cpu = 'x86_64'
[built-in options]
default_library = 'shared'
werror = false
c_args = ['-nologo', '-DWIN32', '-D_WINDOWS', '-utf-8', '-MP', '-MDd', '-Z7', '-Ob0', '-Od', '-RTC1', '-IC:/fork/synthizer3d/vcpkg_installed/x64-windows/include']
c_link_args = ['-machine:x64', '-nologo', '-debug', '-INCREMENTAL', '/LIBPATH:C:/fork/synthizer3d/vcpkg_installed/x64-windows/debug/lib']

cpp_args = ['-nologo', '-DWIN32', '-D_WINDOWS', '-utf-8', '-GR', '-EHsc', '-MP', '-MDd', '-Z7', '-Ob0', '-Od', '-RTC1', '-IC:/fork/synthizer3d/vcpkg_installed/x64-windows/include']
cpp_link_args = ['-machine:x64', '-nologo', '-debug', '-INCREMENTAL', '/LIBPATH:C:/fork/synthizer3d/vcpkg_installed/x64-windows/debug/lib']




# b_vscrt
b_vscrt = 'mdd'
# c_winlibs/cpp_winlibs
c_winlibs = ['kernel32.lib', 'user32.lib', 'gdi32.lib', 'winspool.lib', 'shell32.lib', 'ole32.lib', 'oleaut32.lib', 'uuid.lib', 'comdlg32.lib', 'advapi32.lib']
cpp_winlibs = ['kernel32.lib', 'user32.lib', 'gdi32.lib', 'winspool.lib', 'shell32.lib', 'ole32.lib', 'oleaut32.lib', 'uuid.lib', 'comdlg32.lib', 'advapi32.lib']
