-- Found Python version '3.12.7 at C:/Users/ambro/AppData/Local/vcpkg/downloads/tools/python/python-3.12.7-x64-1/python.exe'
-- Using meson: C:/Users/ambro/AppData/Local/vcpkg/downloads/tools/meson-1.7.2-549ef7/meson.py
Downloading https://github.com/pkgconf/pkgconf/commit/664b53d5c4920e66e4a57c7515ccfd1bd1477bac.patch?full_index=1 -> pkgconf-add-missing-define-664b53d5c4920e66e4a57c7515ccfd1bd1477bac.patch
Successfully downloaded pkgconf-add-missing-define-664b53d5c4920e66e4a57c7515ccfd1bd1477bac.patch
Downloading https://github.com/pkgconf/pkgconf/archive/pkgconf-2.4.3.tar.gz -> pkgconf-pkgconf-pkgconf-2.4.3.tar.gz
Successfully downloaded pkgconf-pkgconf-pkgconf-2.4.3.tar.gz
-- Extracting source C:/Users/ambro/AppData/Local/vcpkg/downloads/pkgconf-pkgconf-pkgconf-2.4.3.tar.gz
-- Applying patch C:/Users/ambro/AppData/Local/vcpkg/downloads/pkgconf-add-missing-define-664b53d5c4920e66e4a57c7515ccfd1bd1477bac.patch
-- Using source at C:/fork/synthizer3d/vcpkg_installed/vcpkg/blds/pkgconf/src/conf-2.4.3-d5be0b9b2c.clean
-- Found external ninja('1.12.1').
-- Configuring x64-windows-dbg
-- Getting CMake variables for x64-windows
-- Configuring x64-windows-dbg done
-- Configuring x64-windows-rel
-- Configuring x64-windows-rel done
-- Package x64-windows-dbg
-- Package x64-windows-rel
-- Fixing pkgconfig file: C:/fork/synthizer3d/vcpkg_installed/vcpkg/pkgs/pkgconf_x64-windows/lib/pkgconfig/libpkgconf.pc
-- Fixing pkgconfig file: C:/fork/synthizer3d/vcpkg_installed/vcpkg/pkgs/pkgconf_x64-windows/debug/lib/pkgconfig/libpkgconf.pc
-- Installing: C:/fork/synthizer3d/vcpkg_installed/vcpkg/pkgs/pkgconf_x64-windows/share/pkgconf/copyright
-- Performing post-build validation
